Harsh/DemoApp/app/build/outputs/logs/manifest-merger-debug-report.txt
-- Merging decision tree log ---
manifest
ADDED from src/main/AndroidManifest.xml:2:1-25:12
	xmlns:android
		ADDED from src/main/AndroidManifest.xml:2:11-69
	package
		ADDED from src/main/AndroidManifest.xml:3:7-26
		INJECTED from src/main/AndroidManifest.xml
		INJECTED from src/main/AndroidManifest.xml
	android:versionName
		ADDED from src/main/AndroidManifest.xml:5:7-32
		INJECTED from src/main/AndroidManifest.xml
		INJECTED from src/main/AndroidManifest.xml
	android:versionCode
		ADDED from src/main/AndroidManifest.xml:4:7-30
		INJECTED from src/main/AndroidManifest.xml
		INJECTED from src/main/AndroidManifest.xml
application
ADDED from src/main/AndroidManifest.xml:8:5-24:19
	android:label
		ADDED from src/main/AndroidManifest.xml:8:51-83
	android:icon
		ADDED from src/main/AndroidManifest.xml:8:18-50
activity#com.harsh.Add_table
ADDED from src/main/AndroidManifest.xml:9:9-15:20
	android:label
		ADDED from src/main/AndroidManifest.xml:10:19-51
	android:name
		ADDED from src/main/AndroidManifest.xml:9:19-53
intent-filter#android.intent.action.MAIN+android.intent.category.LAUNCHER
ADDED from src/main/AndroidManifest.xml:11:13-14:29
action#android.intent.action.MAIN
ADDED from src/main/AndroidManifest.xml:12:17-69
	android:name
		ADDED from src/main/AndroidManifest.xml:12:25-66
category#android.intent.category.LAUNCHER
ADDED from src/main/AndroidManifest.xml:13:17-77
	android:name
		ADDED from src/main/AndroidManifest.xml:13:27-74
activity#com.harsh.Students_details
ADDED from src/main/AndroidManifest.xml:17:9-54
	android:name
		ADDED from src/main/AndroidManifest.xml:17:19-51
activity#com.harsh.Teacher_details
ADDED from src/main/AndroidManifest.xml:19:9-53
	android:name
		ADDED from src/main/AndroidManifest.xml:19:19-50
activity#com.harsh.Subject_details
ADDED from src/main/AndroidManifest.xml:21:9-53
	android:name
		ADDED from src/main/AndroidManifest.xml:21:19-50